
> syntax-typography-starter@1.2.0 test:e2e
> npm run consumer:previews && playwright test


> syntax-typography-starter@1.2.0 consumer:previews
> node scripts/generate-consumer-previews.mjs

blank-editorial: 7 files; framework CSS 53915 bytes; project CSS 4490 bytes; project JS 0 bytes; 3 Syntax token overrides.
blank-product: 8 files; framework CSS 53915 bytes; project CSS 4541 bytes; project JS 1214 bytes; 3 Syntax token overrides.
portfolio-editorial: 8 files; framework CSS 53915 bytes; project CSS 8632 bytes; project JS 0 bytes; 3 Syntax token overrides.
portfolio-product: 15 files; framework CSS 53915 bytes; project CSS 8682 bytes; project JS 1214 bytes; 3 Syntax token overrides.
product-technical: 8 files; framework CSS 53915 bytes; project CSS 5842 bytes; project JS 1214 bytes; 3 Syntax token overrides.
app-retro-interface: 8 files; framework CSS 53915 bytes; project CSS 6050 bytes; project JS 1214 bytes; 3 Syntax token overrides.
[WebServer] (node:3021) [DEP0066] DeprecationWarning: OutgoingMessage.prototype._headers is deprecated
[WebServer] (Use `node --trace-deprecation ...` to show where the warning was created)

Running 52 tests using 2 workers

  ✓   2 [chromium] › tests/e2e/consumer-recipes.spec.js:12:3 › blank-editorial loads without overflow or serious accessibility violations (1.0s)
  ✓   1 [chromium] › tests/e2e/consumer-recipes.spec.js:12:3 › blank-product loads without overflow or serious accessibility violations (1.1s)
  ✓   3 [chromium] › tests/e2e/consumer-recipes.spec.js:12:3 › portfolio-editorial loads without overflow or serious accessibility violations (1.1s)
  ✓   5 [chromium] › tests/e2e/consumer-recipes.spec.js:31:1 › Portfolio recipes render one and six projects (258ms)
  ✓   4 [chromium] › tests/e2e/consumer-recipes.spec.js:12:3 › portfolio-product loads without overflow or serious accessibility violations (1.3s)
  ✓   7 [chromium] › tests/e2e/consumer-recipes.spec.js:53:1 › data-backed Portfolio remains complete without JavaScript (310ms)
  ✓   8 [chromium] › tests/e2e/consumer-recipes.spec.js:63:1 › theme enhancement cycles explicit preferences (227ms)
  ✓   6 [chromium] › tests/e2e/consumer-recipes.spec.js:39:1 › Portfolio project artwork loads (679ms)
  ✓   9 [chromium] › tests/e2e/consumer-recipes.spec.js:74:1 › Editorial and Product directions are meaningfully different (346ms)
  ✓  10 [chromium] › tests/e2e/consumer-recipes.spec.js:94:1 › Portfolio remains usable at 320 CSS pixels (253ms)
  ✓  11 [chromium] › tests/e2e/consumer-recipes.spec.js:105:1 › reduced motion disables project transitions and transforms (282ms)
  ✓  13 [chromium] › tests/e2e/demo.spec.js:26:1 › tabs work with keyboard navigation (380ms)
  ✓  14 [chromium] › tests/e2e/demo.spec.js:34:1 › dialog restores focus to its trigger (688ms)
  ✓  15 [chromium] › tests/e2e/demo.spec.js:42:1 › theme preference cycles explicitly (540ms)
  ✓  16 [chromium] › tests/e2e/demo.spec.js:50:1 › has no serious or critical axe violations (1.1s)
  ✓  17 [chromium] › tests/e2e/guide.spec.js:4:3 › field guide follows the consumer contract at /guide/ (297ms)
  ✓  18 [chromium] › tests/e2e/lab.spec.js:20:1 › loads every Component Lab category (407ms)
  ✓  19 [chromium] › tests/e2e/lab.spec.js:36:1 › registers the restored custom elements (323ms)
  ✓  20 [chromium] › tests/e2e/lab.spec.js:45:1 › restored image examples load successfully (659ms)
  ✓  21 [chromium] › tests/e2e/lab.spec.js:60:1 › interactive toggle reports its state (377ms)
  ✘  12 [chromium] › tests/e2e/demo.spec.js:20:1 › loads the canonical Syntax showcase (5.5s)
  ✓  22 [chromium] › tests/e2e/lab.spec.js:66:1 › Web Component tabs support keyboard navigation (552ms)
  ✓  23 [chromium] › tests/e2e/lab.spec.js:82:1 › motion controls invoke the shipped animation framework (487ms)
  ✓  24 [chromium] › tests/e2e/lab.spec.js:91:1 › typewriter retains content when reduced motion is requested (898ms)
  ✓  25 [chromium] › tests/e2e/lab.spec.js:74:1 › modal restores focus to its trigger (1.0s)
  ✓  27 [mobile-chromium] › tests/e2e/consumer-recipes.spec.js:12:3 › blank-editorial loads without overflow or serious accessibility violations (928ms)
  ✓  26 [chromium] › tests/e2e/lab.spec.js:98:1 › has no serious or critical axe violations (2.3s)
  ✓  28 [mobile-chromium] › tests/e2e/consumer-recipes.spec.js:12:3 › blank-product loads without overflow or serious accessibility violations (906ms)
  ✓  29 [mobile-chromium] › tests/e2e/consumer-recipes.spec.js:12:3 › portfolio-editorial loads without overflow or serious accessibility violations (1.1s)
  ✓  30 [mobile-chromium] › tests/e2e/consumer-recipes.spec.js:12:3 › portfolio-product loads without overflow or serious accessibility violations (1.3s)
  ✓  31 [mobile-chromium] › tests/e2e/consumer-recipes.spec.js:31:1 › Portfolio recipes render one and six projects (277ms)
  ✓  33 [mobile-chromium] › tests/e2e/consumer-recipes.spec.js:53:1 › data-backed Portfolio remains complete without JavaScript (240ms)
  ✓  34 [mobile-chromium] › tests/e2e/consumer-recipes.spec.js:63:1 › theme enhancement cycles explicit preferences (229ms)
  ✓  32 [mobile-chromium] › tests/e2e/consumer-recipes.spec.js:39:1 › Portfolio project artwork loads (581ms)
  ✓  36 [mobile-chromium] › tests/e2e/consumer-recipes.spec.js:94:1 › Portfolio remains usable at 320 CSS pixels (240ms)
  ✓  35 [mobile-chromium] › tests/e2e/consumer-recipes.spec.js:74:1 › Editorial and Product directions are meaningfully different (370ms)
  ✓  37 [mobile-chromium] › tests/e2e/consumer-recipes.spec.js:105:1 › reduced motion disables project transitions and transforms (247ms)
  ✓  39 [mobile-chromium] › tests/e2e/demo.spec.js:26:1 › tabs work with keyboard navigation (393ms)
  ✓  40 [mobile-chromium] › tests/e2e/demo.spec.js:34:1 › dialog restores focus to its trigger (725ms)
  ✓  41 [mobile-chromium] › tests/e2e/demo.spec.js:42:1 › theme preference cycles explicitly (609ms)
  ✓  42 [mobile-chromium] › tests/e2e/demo.spec.js:50:1 › has no serious or critical axe violations (1.1s)
  ✓  43 [mobile-chromium] › tests/e2e/guide.spec.js:4:3 › field guide follows the consumer contract at /guide/ (285ms)
  ✓  44 [mobile-chromium] › tests/e2e/lab.spec.js:20:1 › loads every Component Lab category (481ms)
  ✓  45 [mobile-chromium] › tests/e2e/lab.spec.js:36:1 › registers the restored custom elements (384ms)
  ✓  46 [mobile-chromium] › tests/e2e/lab.spec.js:45:1 › restored image examples load successfully (600ms)
  ✓  47 [mobile-chromium] › tests/e2e/lab.spec.js:60:1 › interactive toggle reports its state (445ms)
  ✘  38 [mobile-chromium] › tests/e2e/demo.spec.js:20:1 › loads the canonical Syntax showcase (5.5s)
  ✓  48 [mobile-chromium] › tests/e2e/lab.spec.js:66:1 › Web Component tabs support keyboard navigation (568ms)
  ✓  49 [mobile-chromium] › tests/e2e/lab.spec.js:82:1 › motion controls invoke the shipped animation framework (642ms)
  ✓  51 [mobile-chromium] › tests/e2e/lab.spec.js:91:1 › typewriter retains content when reduced motion is requested (1.1s)
  ✓  50 [mobile-chromium] › tests/e2e/lab.spec.js:74:1 › modal restores focus to its trigger (1.4s)
  ✓  52 [mobile-chromium] › tests/e2e/lab.spec.js:98:1 › has no serious or critical axe violations (1.8s)


  1) [chromium] › tests/e2e/demo.spec.js:20:1 › loads the canonical Syntax showcase ────────────────

    Error: expect(locator).toBeVisible() failed

    Locator: getByRole('link', { name: 'Use this template' })
    Expected: visible
    Timeout: 5000ms
    Error: element(s) not found

    Call log:
      - Expect "toBeVisible" with timeout 5000ms
      - waiting for getByRole('link', { name: 'Use this template' })


      21 |   await expect(page).toHaveTitle(/Syntax/);
      22 |   await expect(page.getByRole('heading', { level: 1, name: 'Syntax' })).toBeVisible();
    > 23 |   await expect(page.getByRole('link', { name: 'Use this template' })).toBeVisible();
         |                                                                       ^
      24 | });
      25 |
      26 | test('tabs work with keyboard navigation', async ({ page }) => {
        at /home/runner/work/syntax/syntax/tests/e2e/demo.spec.js:23:71

    Error Context: test-results/demo-loads-the-canonical-Syntax-showcase-chromium/error-context.md

    attachment #2: trace (application/zip) ─────────────────────────────────────────────────────────
    test-results/demo-loads-the-canonical-Syntax-showcase-chromium/trace.zip
    Usage:

        npx playwright show-trace test-results/demo-loads-the-canonical-Syntax-showcase-chromium/trace.zip

    ────────────────────────────────────────────────────────────────────────────────────────────────

  2) [mobile-chromium] › tests/e2e/demo.spec.js:20:1 › loads the canonical Syntax showcase ─────────

    Error: expect(locator).toBeVisible() failed

    Locator: getByRole('link', { name: 'Use this template' })
    Expected: visible
    Timeout: 5000ms
    Error: element(s) not found

    Call log:
      - Expect "toBeVisible" with timeout 5000ms
      - waiting for getByRole('link', { name: 'Use this template' })


      21 |   await expect(page).toHaveTitle(/Syntax/);
      22 |   await expect(page.getByRole('heading', { level: 1, name: 'Syntax' })).toBeVisible();
    > 23 |   await expect(page.getByRole('link', { name: 'Use this template' })).toBeVisible();
         |                                                                       ^
      24 | });
      25 |
      26 | test('tabs work with keyboard navigation', async ({ page }) => {
        at /home/runner/work/syntax/syntax/tests/e2e/demo.spec.js:23:71

    Error Context: test-results/demo-loads-the-canonical-Syntax-showcase-mobile-chromium/error-context.md

    attachment #2: trace (application/zip) ─────────────────────────────────────────────────────────
    test-results/demo-loads-the-canonical-Syntax-showcase-mobile-chromium/trace.zip
    Usage:

        npx playwright show-trace test-results/demo-loads-the-canonical-Syntax-showcase-mobile-chromium/trace.zip

    ────────────────────────────────────────────────────────────────────────────────────────────────

  2 failed
    [chromium] › tests/e2e/demo.spec.js:20:1 › loads the canonical Syntax showcase ─────────────────
    [mobile-chromium] › tests/e2e/demo.spec.js:20:1 › loads the canonical Syntax showcase ──────────
  50 passed (27.6s)
